<?xml version="1.0" encoding="UTF-8"?>
<!-- Generated by org.testng.reporters.JUnitReportReporter -->
<testsuite skipped="0" hostname="DESKTOP-JGEHULB" name="SampleAutomation.com.webapps.automate.Mayur_Assignment_02" tests="1" failures="0" timestamp="2020-06-19T12:22:33 IST" time="29.958" errors="0">
  <testcase name="testInvalidLogIn" time="29.958" classname="SampleAutomation.com.webapps.automate.Mayur_Assignment_02"/>
  <system-out/>
</testsuite> <!-- SampleAutomation.com.webapps.automate.Mayur_Assignment_02 -->
